{"level":"error","timestamp":"2023-11-21T00:59:18.753Z"}
{"level":"error","timestamp":"2023-11-21T21:54:23.386Z"}
{"level":"error","message":"Error in POST /api/sessions/register: undefined","timestamp":"2023-11-21T21:58:00.129Z"}
{"level":"error","message":"Error in POST /api/sessions/register: undefined","timestamp":"2023-11-21T21:58:07.316Z"}
{"level":"error","message":"Error in POST /api/sessions/register: undefined","timestamp":"2023-11-21T21:58:50.894Z"}
{"level":"error","message":"Error in POST /api/sessions/register: undefined","timestamp":"2023-11-21T21:59:06.682Z"}
{"level":"error","message":"Error in POST /api/sessions/register: undefined","timestamp":"2023-11-21T21:59:38.729Z"}
{"level":"error","timestamp":"2023-11-21T22:01:56.765Z"}
{"level":"error","message":"Error in POST /api/sessions/register: undefined","timestamp":"2023-11-21T22:02:14.058Z"}
{"level":"error","message":"Error in POST /api/sessions/register: undefined","timestamp":"2023-11-21T22:06:54.391Z"}
{"level":"error","message":"Error in POST /api/sessions/register: undefined","timestamp":"2023-11-21T22:08:30.007Z"}
{"level":"error","message":"Error in POST /api/sessions/register: undefined","timestamp":"2023-11-21T22:09:44.409Z"}
{"level":"error","message":"Error in POST /api/sessions/register: undefined","timestamp":"2023-11-21T22:10:01.252Z"}
{"level":"error","message":"Error in POST /api/sessions/register: undefined","timestamp":"2023-11-21T22:11:04.165Z"}
{"level":"error","message":"Error in POST /api/sessions/register: undefined","timestamp":"2023-11-21T22:11:34.312Z"}
{"level":"error","message":"Error in POST /api/sessions/register: undefined","timestamp":"2023-11-21T22:12:35.446Z"}
{"level":"error","message":"Error in POST /api/sessions/register: undefined","timestamp":"2023-11-21T22:12:48.981Z"}
{"level":"error","message":"Error in POST /api/sessions/register: undefined","timestamp":"2023-11-21T22:12:58.853Z"}
{"level":"error","message":"Error in POST /api/sessions/register: undefined","timestamp":"2023-11-21T22:13:41.853Z"}
{"level":"error","message":"Error in POST /api/sessions/register: undefined","timestamp":"2023-11-21T22:14:05.252Z"}
{"level":"error","message":"Error in POST /api/sessions/register: undefined","timestamp":"2023-11-21T22:14:23.600Z"}
{"level":"error","message":"Error in POST /api/sessions/register: undefined","timestamp":"2023-11-21T22:14:30.267Z"}
{"level":"error","message":"Error in POST /api/sessions/register: undefined","timestamp":"2023-11-21T22:15:08.401Z"}
{"level":"error","message":"Error in POST /api/sessions/register: \n    One or more properties were incomplete or not valid.\n    List of required properties:\n    * first_name: needs to be a String, received Jose\n    * last_name: needs to be a String, received \n    * email: needs to be a String, received Jose@gonzalez.com\n    ","timestamp":"2023-11-21T22:15:51.395Z"}
{"level":"error","message":"Error in POST /api/sessions/register: \n    One or more properties were incomplete or not valid.\n    List of required properties:\n    * first_name: needs to be a String, received \n    * last_name: needs to be a String, received Gonzalez\n    * email: needs to be a String, received Jose@gonzalez.com\n    ","timestamp":"2023-11-21T22:20:51.604Z"}
{"level":"error","message":"Error in POST /api/products: \n    One or more properties were incomplete or not valid.\n    List of required properties:\n    * name: needs to be a String, received \n    * description: needs to be a String, received HP Spectre x360, i5, 8GB RAM, 256GB SSD\n    * price: needs to be a Number, received 1500\n    * stock: needs to be a Number, received 10\n    * code: needs to be a String, received HP1234\n    * category: needs to be a String, received Laptop\n    ","timestamp":"2023-11-21T22:22:43.244Z"}
